<?xml version="1.0" encoding="utf-8" standalone="no"?>
<!--This file represents the results of running a test suite-->
<test-results name="C:\Documents and Settings\Administrator\NAnonym\NAnonym.nunit" total="104" errors="9" failures="8" not-run="0" inconclusive="0" ignored="0" skipped="0" invalid="0" date="2011-07-31" time="14:40:44">
  <environment nunit-version="2.5.2.9222" clr-version="2.0.50727.3623" os-version="Microsoft Windows NT 5.1.2600 Service Pack 3" platform="Win32NT" cwd="C:\Documents and Settings\Administrator\NAnonym" machine-name="YOUR-6FAA821EE4" user="Administrator" user-domain="YOUR-6FAA821EE4" />
  <culture-info current-culture="ja-JP" current-uiculture="ja-JP" />
  <test-suite name="C:\Documents and Settings\Administrator\NAnonym\NAnonym.nunit" executed="True" success="False" time="4.453" asserts="0">
    <results>
      <test-suite name="C:\Documents and Settings\Administrator\NAnonym\Bin\Debug\Test.Urasandesu.NAnonym.Cecil.dll" executed="True" success="False" time="3.422" asserts="0">
        <results>
          <test-suite name="Test" executed="True" success="False" time="3.422" asserts="0">
            <results>
              <test-suite name="Urasandesu" executed="True" success="False" time="3.422" asserts="0">
                <results>
                  <test-suite name="NAnonym" executed="True" success="False" time="3.406" asserts="0">
                    <results>
                      <test-suite name="Cecil" executed="True" success="False" time="3.391" asserts="0">
                        <results>
                          <test-suite name="DW" executed="True" success="False" time="2.953" asserts="0">
                            <results>
                              <test-suite name="GlobalClassTest" executed="True" success="False" time="2.953" asserts="0">
                                <results>
                                  <test-case name="Test.Urasandesu.NAnonym.Cecil.DW.GlobalClassTest.Class1Class2Test" executed="True" success="True" time="0.016" asserts="2" />
                                  <test-case name="Test.Urasandesu.NAnonym.Cecil.DW.GlobalClassTest.Class3_1Test" executed="True" success="False" time="0.000" asserts="1">
                                    <failure>
                                      <message><![CDATA[  Expected: 4
  But was:  2
]]></message>
                                      <stack-trace><![CDATA[場所 Test.Urasandesu.NAnonym.Cecil.DW.GlobalClassTest.Class3_1Test() 場所 C:\Documents and Settings\Administrator\NAnonym\Test.Urasandesu.NAnonym.Cecil\DW\GlobalClassTest.cs:行 129
]]></stack-trace>
                                    </failure>
                                  </test-case>
                                  <test-case name="Test.Urasandesu.NAnonym.Cecil.DW.GlobalClassTest.Class3_2Test" executed="True" success="False" time="0.016" asserts="1">
                                    <failure>
                                      <message><![CDATA[  Expected: 4
  But was:  2
]]></message>
                                      <stack-trace><![CDATA[場所 Test.Urasandesu.NAnonym.Cecil.DW.GlobalClassTest.Class3_2Test() 場所 C:\Documents and Settings\Administrator\NAnonym\Test.Urasandesu.NAnonym.Cecil\DW\GlobalClassTest.cs:行 138
]]></stack-trace>
                                    </failure>
                                  </test-case>
                                  <test-case name="Test.Urasandesu.NAnonym.Cecil.DW.GlobalClassTest.Class3_3Test" executed="True" success="False" time="0.000" asserts="2">
                                    <failure>
                                      <message><![CDATA[  Expected: 4
  But was:  2
]]></message>
                                      <stack-trace><![CDATA[場所 Test.Urasandesu.NAnonym.Cecil.DW.GlobalClassTest.Class3_3Test() 場所 C:\Documents and Settings\Administrator\NAnonym\Test.Urasandesu.NAnonym.Cecil\DW\GlobalClassTest.cs:行 150
]]></stack-trace>
                                    </failure>
                                  </test-case>
                                  <test-case name="Test.Urasandesu.NAnonym.Cecil.DW.GlobalClassTest.Class3_4Test" executed="True" success="False" time="0.000" asserts="2">
                                    <failure>
                                      <message><![CDATA[  Expected: 4
  But was:  2
]]></message>
                                      <stack-trace><![CDATA[場所 Test.Urasandesu.NAnonym.Cecil.DW.GlobalClassTest.Class3_4Test() 場所 C:\Documents and Settings\Administrator\NAnonym\Test.Urasandesu.NAnonym.Cecil\DW\GlobalClassTest.cs:行 161
]]></stack-trace>
                                    </failure>
                                  </test-case>
                                  <test-case name="Test.Urasandesu.NAnonym.Cecil.DW.GlobalClassTest.Class3_5Test" executed="True" success="False" time="0.000" asserts="2">
                                    <failure>
                                      <message><![CDATA[  Expected: 3
  But was:  2
]]></message>
                                      <stack-trace><![CDATA[場所 Test.Urasandesu.NAnonym.Cecil.DW.GlobalClassTest.Class3_5Test() 場所 C:\Documents and Settings\Administrator\NAnonym\Test.Urasandesu.NAnonym.Cecil\DW\GlobalClassTest.cs:行 172
]]></stack-trace>
                                    </failure>
                                  </test-case>
                                  <test-case name="Test.Urasandesu.NAnonym.Cecil.DW.GlobalClassTest.Class3_6Test" executed="True" success="False" time="0.000" asserts="1">
                                    <failure>
                                      <message><![CDATA[  Expected: 4
  But was:  2
]]></message>
                                      <stack-trace><![CDATA[場所 Test.Urasandesu.NAnonym.Cecil.DW.GlobalClassTest.Class3_6Test() 場所 C:\Documents and Settings\Administrator\NAnonym\Test.Urasandesu.NAnonym.Cecil\DW\GlobalClassTest.cs:行 182
]]></stack-trace>
                                    </failure>
                                  </test-case>
                                  <test-case name="Test.Urasandesu.NAnonym.Cecil.DW.GlobalClassTest.Class3_7Test" executed="True" success="False" time="0.000" asserts="1">
                                    <failure>
                                      <message><![CDATA[  Expected: 6
  But was:  2
]]></message>
                                      <stack-trace><![CDATA[場所 Test.Urasandesu.NAnonym.Cecil.DW.GlobalClassTest.Class3_7Test() 場所 C:\Documents and Settings\Administrator\NAnonym\Test.Urasandesu.NAnonym.Cecil\DW\GlobalClassTest.cs:行 191
]]></stack-trace>
                                    </failure>
                                  </test-case>
                                  <test-case name="Test.Urasandesu.NAnonym.Cecil.DW.GlobalClassTest.Class4_1Test" executed="True" success="False" time="0.000" asserts="2">
                                    <failure>
                                      <message><![CDATA[  Expected string length 178 but was 0. Strings differ at index 0.
  Expected: "sourceType = Test.Urasandesu.NAnonym.Etc.Class4_1, sourceMeth..."
  But was:  <string.Empty>
  -----------^
]]></message>
                                      <stack-trace><![CDATA[場所 Test.Urasandesu.NAnonym.Cecil.DW.GlobalClassTest.Class4_1Test() 場所 C:\Documents and Settings\Administrator\NAnonym\Test.Urasandesu.NAnonym.Cecil\DW\GlobalClassTest.cs:行 205
]]></stack-trace>
                                    </failure>
                                  </test-case>
                                </results>
                              </test-suite>
                            </results>
                          </test-suite>
                          <test-suite name="ILTools" executed="True" success="False" time="0.156" asserts="0">
                            <results>
                              <test-suite name="PortableScopeTest" executed="True" success="False" time="0.078" asserts="0">
                                <results>
                                  <test-case name="Test.Urasandesu.NAnonym.Cecil.ILTools.PortableScopeTest.CarryPortableScopeTest01" executed="True" success="False" time="0.063" asserts="0">
                                    <failure>
                                      <message><![CDATA[System.NullReferenceException : オブジェクト参照がオブジェクト インスタンスに設定されていません。]]></message>
                                      <stack-trace><![CDATA[場所 Urasandesu.NAnonym.Formulas.ConvertDecreaser.Visit(NewFormula formula) 場所 C:\Documents and Settings\Administrator\NAnonym\Urasandesu.NAnonym\Formulas\ConvertDecreaser.cs:行 80
場所 Urasandesu.NAnonym.Formulas.FormulaAdapter.Visit(NewFormula formula) 場所 C:\Documents and Settings\Administrator\NAnonym\Urasandesu.NAnonym\Formulas.CodeGeneration\FormulaAdapter.g.cs:行 558
場所 Urasandesu.NAnonym.Formulas.ConvertIncreaser.Visit(NewFormula formula) 場所 C:\Documents and Settings\Administrator\NAnonym\Urasandesu.NAnonym\Formulas\ConvertIncreaser.cs:行 79
場所 Urasandesu.NAnonym.Formulas.FormulaAdapter.Visit(BaseNewFormula formula) 場所 C:\Documents and Settings\Administrator\NAnonym\Urasandesu.NAnonym\Formulas.CodeGeneration\FormulaAdapter.g.cs:行 573
場所 Urasandesu.NAnonym.Formulas.BaseNewFormula.Accept(IFormulaVisitor visitor) 場所 C:\Documents and Settings\Administrator\NAnonym\Urasandesu.NAnonym\Formulas.CodeGeneration\BaseNewFormula.g.cs:行 54
場所 Urasandesu.NAnonym.Formulas.FormulaCollection`1.<>c__DisplayClass1.<Accept>b__0(TFormula _) 場所 C:\Documents and Settings\Administrator\NAnonym\Urasandesu.NAnonym\Formulas\FormulaCollection.cs:行 159
場所 Urasandesu.NAnonym.Linq.Iterable.ForEach[TSource](IEnumerable`1 source, Action`1 action) 場所 C:\Documents and Settings\Administrator\NAnonym\Urasandesu.NAnonym\Linq\Iterable.cs:行 48
場所 Urasandesu.NAnonym.Formulas.FormulaCollection`1.Accept(IFormulaVisitor visitor) 場所 C:\Documents and Settings\Administrator\NAnonym\Urasandesu.NAnonym\Formulas\FormulaCollection.cs:行 159
場所 Urasandesu.NAnonym.Formulas.FormulaAdapter.VisitBlockFormulasCore(BlockFormula formula, FormulaCollection`1 formulas) 場所 C:\Documents and Settings\Administrator\NAnonym\Urasandesu.NAnonym\Formulas.CodeGeneration\FormulaAdapter.g.cs:行 351
場所 Urasandesu.NAnonym.Formulas.FormulaAdapter.VisitBlockFormulas(BlockFormula formula, FormulaCollection`1 formulas) 場所 C:\Documents and Settings\Administrator\NAnonym\Urasandesu.NAnonym\Formulas.CodeGeneration\FormulaAdapter.g.cs:行 346
場所 Urasandesu.NAnonym.Formulas.FormulaAdapter.Visit(BlockFormula formula) 場所 C:\Documents and Settings\Administrator\NAnonym\Urasandesu.NAnonym\Formulas.CodeGeneration\FormulaAdapter.g.cs:行 339
場所 Urasandesu.NAnonym.Formulas.BlockFormula.Accept(IFormulaVisitor visitor) 場所 C:\Documents and Settings\Administrator\NAnonym\Urasandesu.NAnonym\Formulas.CodeGeneration\BlockFormula.g.cs:行 98
場所 Urasandesu.NAnonym.Formulas.FormulaAdapter.VisitEndEntryBlockCore(EndFormula formula, BlockFormula entryBlock) 場所 C:\Documents and Settings\Administrator\NAnonym\Urasandesu.NAnonym\Formulas.CodeGeneration\FormulaAdapter.g.cs:行 685
場所 Urasandesu.NAnonym.Formulas.FormulaAdapter.VisitEndEntryBlock(EndFormula formula, BlockFormula entryBlock) 場所 C:\Documents and Settings\Administrator\NAnonym\Urasandesu.NAnonym\Formulas.CodeGeneration\FormulaAdapter.g.cs:行 680
場所 Urasandesu.NAnonym.Formulas.FormulaAdapter.Visit(EndFormula formula) 場所 C:\Documents and Settings\Administrator\NAnonym\Urasandesu.NAnonym\Formulas.CodeGeneration\FormulaAdapter.g.cs:行 673
場所 Urasandesu.NAnonym.Formulas.EndFormula.Accept(IFormulaVisitor visitor) 場所 C:\Documents and Settings\Administrator\NAnonym\Urasandesu.NAnonym\Formulas.CodeGeneration\EndFormula.g.cs:行 76
場所 Urasandesu.NAnonym.ILTools.ReflectiveMethodDesigner2.OptimizeIntermediateFormula(EndFormula entryPoint) 場所 C:\Documents and Settings\Administrator\NAnonym\Urasandesu.NAnonym\ILTools\ReflectiveMethodDesigner2.cs:行 122
場所 Urasandesu.NAnonym.ILTools.ReflectiveMethodDesigner2.PostEval(EndFormula entryPoint) 場所 C:\Documents and Settings\Administrator\NAnonym\Urasandesu.NAnonym\ILTools\ReflectiveMethodDesigner2.cs:行 103
場所 Urasandesu.NAnonym.ILTools.ReflectiveMethodDesigner2.Eval(Expression`1 exp) 場所 C:\Documents and Settings\Administrator\NAnonym\Urasandesu.NAnonym\ILTools\ReflectiveMethodDesigner2.cs:行 70
場所 Urasandesu.NAnonym.Cecil.Mixins.Mono.Cecil.MethodDefinitionMixin.ExpressBody(MethodDefinition methodDef, Action`1 expression)
場所 Test.Urasandesu.NAnonym.Cecil.ILTools.PortableScopeTest.<CarryPortableScopeTest01>b__0(String tempFileName) 場所 C:\Documents and Settings\Administrator\NAnonym\Test.Urasandesu.NAnonym.Cecil\ILTools\PortableScopeTest.cs:行 73
場所 Urasandesu.NAnonym.Test.TestHelper.UsingTempFile(Action`1 action) 場所 C:\Documents and Settings\Administrator\NAnonym\Urasandesu.NAnonym.Test\TestHelper.cs:行 52
場所 Test.Urasandesu.NAnonym.Cecil.ILTools.PortableScopeTest.CarryPortableScopeTest01() 場所 C:\Documents and Settings\Administrator\NAnonym\Test.Urasandesu.NAnonym.Cecil\ILTools\PortableScopeTest.cs:行 64
]]></stack-trace>
                                    </failure>
                                  </test-case>
                                  <test-case name="Test.Urasandesu.NAnonym.Cecil.ILTools.PortableScopeTest.CarryPortableScopeTest02" executed="True" success="False" time="0.000" asserts="0">
                                    <failure>
                                      <message><![CDATA[System.NullReferenceException : オブジェクト参照がオブジェクト インスタンスに設定されていません。]]></message>
                                      <stack-trace><![CDATA[場所 Urasandesu.NAnonym.Formulas.ConvertDecreaser.Visit(NewFormula formula) 場所 C:\Documents and Settings\Administrator\NAnonym\Urasandesu.NAnonym\Formulas\ConvertDecreaser.cs:行 80
場所 Urasandesu.NAnonym.Formulas.FormulaAdapter.Visit(NewFormula formula) 場所 C:\Documents and Settings\Administrator\NAnonym\Urasandesu.NAnonym\Formulas.CodeGeneration\FormulaAdapter.g.cs:行 558
場所 Urasandesu.NAnonym.Formulas.ConvertIncreaser.Visit(NewFormula formula) 場所 C:\Documents and Settings\Administrator\NAnonym\Urasandesu.NAnonym\Formulas\ConvertIncreaser.cs:行 79
場所 Urasandesu.NAnonym.Formulas.FormulaAdapter.Visit(BaseNewFormula formula) 場所 C:\Documents and Settings\Administrator\NAnonym\Urasandesu.NAnonym\Formulas.CodeGeneration\FormulaAdapter.g.cs:行 573
場所 Urasandesu.NAnonym.Formulas.BaseNewFormula.Accept(IFormulaVisitor visitor) 場所 C:\Documents and Settings\Administrator\NAnonym\Urasandesu.NAnonym\Formulas.CodeGeneration\BaseNewFormula.g.cs:行 54
場所 Urasandesu.NAnonym.Formulas.FormulaCollection`1.<>c__DisplayClass1.<Accept>b__0(TFormula _) 場所 C:\Documents and Settings\Administrator\NAnonym\Urasandesu.NAnonym\Formulas\FormulaCollection.cs:行 159
場所 Urasandesu.NAnonym.Linq.Iterable.ForEach[TSource](IEnumerable`1 source, Action`1 action) 場所 C:\Documents and Settings\Administrator\NAnonym\Urasandesu.NAnonym\Linq\Iterable.cs:行 48
場所 Urasandesu.NAnonym.Formulas.FormulaCollection`1.Accept(IFormulaVisitor visitor) 場所 C:\Documents and Settings\Administrator\NAnonym\Urasandesu.NAnonym\Formulas\FormulaCollection.cs:行 159
場所 Urasandesu.NAnonym.Formulas.FormulaAdapter.VisitBlockFormulasCore(BlockFormula formula, FormulaCollection`1 formulas) 場所 C:\Documents and Settings\Administrator\NAnonym\Urasandesu.NAnonym\Formulas.CodeGeneration\FormulaAdapter.g.cs:行 351
場所 Urasandesu.NAnonym.Formulas.FormulaAdapter.VisitBlockFormulas(BlockFormula formula, FormulaCollection`1 formulas) 場所 C:\Documents and Settings\Administrator\NAnonym\Urasandesu.NAnonym\Formulas.CodeGeneration\FormulaAdapter.g.cs:行 346
場所 Urasandesu.NAnonym.Formulas.FormulaAdapter.Visit(BlockFormula formula) 場所 C:\Documents and Settings\Administrator\NAnonym\Urasandesu.NAnonym\Formulas.CodeGeneration\FormulaAdapter.g.cs:行 339
場所 Urasandesu.NAnonym.Formulas.BlockFormula.Accept(IFormulaVisitor visitor) 場所 C:\Documents and Settings\Administrator\NAnonym\Urasandesu.NAnonym\Formulas.CodeGeneration\BlockFormula.g.cs:行 98
場所 Urasandesu.NAnonym.Formulas.FormulaAdapter.VisitEndEntryBlockCore(EndFormula formula, BlockFormula entryBlock) 場所 C:\Documents and Settings\Administrator\NAnonym\Urasandesu.NAnonym\Formulas.CodeGeneration\FormulaAdapter.g.cs:行 685
場所 Urasandesu.NAnonym.Formulas.FormulaAdapter.VisitEndEntryBlock(EndFormula formula, BlockFormula entryBlock) 場所 C:\Documents and Settings\Administrator\NAnonym\Urasandesu.NAnonym\Formulas.CodeGeneration\FormulaAdapter.g.cs:行 680
場所 Urasandesu.NAnonym.Formulas.FormulaAdapter.Visit(EndFormula formula) 場所 C:\Documents and Settings\Administrator\NAnonym\Urasandesu.NAnonym\Formulas.CodeGeneration\FormulaAdapter.g.cs:行 673
場所 Urasandesu.NAnonym.Formulas.EndFormula.Accept(IFormulaVisitor visitor) 場所 C:\Documents and Settings\Administrator\NAnonym\Urasandesu.NAnonym\Formulas.CodeGeneration\EndFormula.g.cs:行 76
場所 Urasandesu.NAnonym.ILTools.ReflectiveMethodDesigner2.OptimizeIntermediateFormula(EndFormula entryPoint) 場所 C:\Documents and Settings\Administrator\NAnonym\Urasandesu.NAnonym\ILTools\ReflectiveMethodDesigner2.cs:行 122
場所 Urasandesu.NAnonym.ILTools.ReflectiveMethodDesigner2.PostEval(EndFormula entryPoint) 場所 C:\Documents and Settings\Administrator\NAnonym\Urasandesu.NAnonym\ILTools\ReflectiveMethodDesigner2.cs:行 103
場所 Urasandesu.NAnonym.ILTools.ReflectiveMethodDesigner2.Eval(Expression`1 exp) 場所 C:\Documents and Settings\Administrator\NAnonym\Urasandesu.NAnonym\ILTools\ReflectiveMethodDesigner2.cs:行 70
場所 Urasandesu.NAnonym.Cecil.Mixins.Mono.Cecil.MethodDefinitionMixin.ExpressBody(MethodDefinition methodDef, Action`1 expression)
場所 Test.Urasandesu.NAnonym.Cecil.ILTools.PortableScopeTest.<>c__DisplayClassc.<CarryPortableScopeTest02>b__8() 場所 C:\Documents and Settings\Administrator\NAnonym\Test.Urasandesu.NAnonym.Cecil\ILTools\PortableScopeTest.cs:行 126
場所 Urasandesu.NAnonym.Test.TestHelper.UsingNewDomain(NewDomainTestInfoProvider provider) 場所 C:\Documents and Settings\Administrator\NAnonym\Urasandesu.NAnonym.Test\TestHelper.cs:行 84
場所 Test.Urasandesu.NAnonym.Cecil.ILTools.PortableScopeTest.<CarryPortableScopeTest02>b__7(String tempFileName) 場所 C:\Documents and Settings\Administrator\NAnonym\Test.Urasandesu.NAnonym.Cecil\ILTools\PortableScopeTest.cs:行 117
場所 Urasandesu.NAnonym.Test.TestHelper.UsingTempFile(Action`1 action) 場所 C:\Documents and Settings\Administrator\NAnonym\Urasandesu.NAnonym.Test\TestHelper.cs:行 52
場所 Test.Urasandesu.NAnonym.Cecil.ILTools.PortableScopeTest.CarryPortableScopeTest02() 場所 C:\Documents and Settings\Administrator\NAnonym\Test.Urasandesu.NAnonym.Cecil\ILTools\PortableScopeTest.cs:行 116
]]></stack-trace>
                                    </failure>
                                  </test-case>
                                </results>
                              </test-suite>
                              <test-suite name="ReflectiveMethodDesigner2Test" executed="True" success="False" time="0.063" asserts="0">
                                <results>
                                  <test-case name="Test.Urasandesu.NAnonym.Cecil.ILTools.ReflectiveMethodDesigner2Test.EmitTest01" executed="True" success="False" time="0.016" asserts="0">
                                    <failure>
                                      <message><![CDATA[System.NullReferenceException : オブジェクト参照がオブジェクト インスタンスに設定されていません。]]></message>
                                      <stack-trace><![CDATA[場所 Urasandesu.NAnonym.Formulas.ConvertDecreaser.Visit(NewFormula formula) 場所 C:\Documents and Settings\Administrator\NAnonym\Urasandesu.NAnonym\Formulas\ConvertDecreaser.cs:行 80
場所 Urasandesu.NAnonym.Formulas.FormulaAdapter.Visit(NewFormula formula) 場所 C:\Documents and Settings\Administrator\NAnonym\Urasandesu.NAnonym\Formulas.CodeGeneration\FormulaAdapter.g.cs:行 558
場所 Urasandesu.NAnonym.Formulas.ConvertIncreaser.Visit(NewFormula formula) 場所 C:\Documents and Settings\Administrator\NAnonym\Urasandesu.NAnonym\Formulas\ConvertIncreaser.cs:行 79
場所 Urasandesu.NAnonym.Formulas.FormulaAdapter.Visit(BaseNewFormula formula) 場所 C:\Documents and Settings\Administrator\NAnonym\Urasandesu.NAnonym\Formulas.CodeGeneration\FormulaAdapter.g.cs:行 573
場所 Urasandesu.NAnonym.Formulas.BaseNewFormula.Accept(IFormulaVisitor visitor) 場所 C:\Documents and Settings\Administrator\NAnonym\Urasandesu.NAnonym\Formulas.CodeGeneration\BaseNewFormula.g.cs:行 54
場所 Urasandesu.NAnonym.Formulas.FormulaCollection`1.<>c__DisplayClass1.<Accept>b__0(TFormula _) 場所 C:\Documents and Settings\Administrator\NAnonym\Urasandesu.NAnonym\Formulas\FormulaCollection.cs:行 159
場所 Urasandesu.NAnonym.Linq.Iterable.ForEach[TSource](IEnumerable`1 source, Action`1 action) 場所 C:\Documents and Settings\Administrator\NAnonym\Urasandesu.NAnonym\Linq\Iterable.cs:行 48
場所 Urasandesu.NAnonym.Formulas.FormulaCollection`1.Accept(IFormulaVisitor visitor) 場所 C:\Documents and Settings\Administrator\NAnonym\Urasandesu.NAnonym\Formulas\FormulaCollection.cs:行 159
場所 Urasandesu.NAnonym.Formulas.FormulaAdapter.VisitBlockFormulasCore(BlockFormula formula, FormulaCollection`1 formulas) 場所 C:\Documents and Settings\Administrator\NAnonym\Urasandesu.NAnonym\Formulas.CodeGeneration\FormulaAdapter.g.cs:行 351
場所 Urasandesu.NAnonym.Formulas.FormulaAdapter.VisitBlockFormulas(BlockFormula formula, FormulaCollection`1 formulas) 場所 C:\Documents and Settings\Administrator\NAnonym\Urasandesu.NAnonym\Formulas.CodeGeneration\FormulaAdapter.g.cs:行 346
場所 Urasandesu.NAnonym.Formulas.FormulaAdapter.Visit(BlockFormula formula) 場所 C:\Documents and Settings\Administrator\NAnonym\Urasandesu.NAnonym\Formulas.CodeGeneration\FormulaAdapter.g.cs:行 339
場所 Urasandesu.NAnonym.Formulas.BlockFormula.Accept(IFormulaVisitor visitor) 場所 C:\Documents and Settings\Administrator\NAnonym\Urasandesu.NAnonym\Formulas.CodeGeneration\BlockFormula.g.cs:行 98
場所 Urasandesu.NAnonym.Formulas.FormulaAdapter.VisitEndEntryBlockCore(EndFormula formula, BlockFormula entryBlock) 場所 C:\Documents and Settings\Administrator\NAnonym\Urasandesu.NAnonym\Formulas.CodeGeneration\FormulaAdapter.g.cs:行 685
場所 Urasandesu.NAnonym.Formulas.FormulaAdapter.VisitEndEntryBlock(EndFormula formula, BlockFormula entryBlock) 場所 C:\Documents and Settings\Administrator\NAnonym\Urasandesu.NAnonym\Formulas.CodeGeneration\FormulaAdapter.g.cs:行 680
場所 Urasandesu.NAnonym.Formulas.FormulaAdapter.Visit(EndFormula formula) 場所 C:\Documents and Settings\Administrator\NAnonym\Urasandesu.NAnonym\Formulas.CodeGeneration\FormulaAdapter.g.cs:行 673
場所 Urasandesu.NAnonym.Formulas.EndFormula.Accept(IFormulaVisitor visitor) 場所 C:\Documents and Settings\Administrator\NAnonym\Urasandesu.NAnonym\Formulas.CodeGeneration\EndFormula.g.cs:行 76
場所 Urasandesu.NAnonym.ILTools.ReflectiveMethodDesigner2.OptimizeIntermediateFormula(EndFormula entryPoint) 場所 C:\Documents and Settings\Administrator\NAnonym\Urasandesu.NAnonym\ILTools\ReflectiveMethodDesigner2.cs:行 122
場所 Urasandesu.NAnonym.ILTools.ReflectiveMethodDesigner2.PostEval(EndFormula entryPoint) 場所 C:\Documents and Settings\Administrator\NAnonym\Urasandesu.NAnonym\ILTools\ReflectiveMethodDesigner2.cs:行 103
場所 Urasandesu.NAnonym.ILTools.ReflectiveMethodDesigner2.Eval(Expression`1 exp) 場所 C:\Documents and Settings\Administrator\NAnonym\Urasandesu.NAnonym\ILTools\ReflectiveMethodDesigner2.cs:行 70
場所 Urasandesu.NAnonym.Cecil.ILTools.Impl.Mono.Cecil.MCMethodBaseGeneratorImpl.ExpressBody2(Action`1 bodyExpression, ITypeDeclaration returnType)
場所 Urasandesu.NAnonym.Cecil.ILTools.Impl.Mono.Cecil.MCMethodBaseGeneratorImpl.ExpressBody2(Action`1 bodyExpression)
場所 Urasandesu.NAnonym.Cecil.ILTools.Impl.Mono.Cecil.MCConstructorGeneratorImpl.ExpressBody2(Action`1 bodyExpression)
場所 Urasandesu.NAnonym.Cecil.ILTools.Impl.Mono.Cecil.MCTypeGeneratorImpl.AddDefaultConstructor()
場所 Test.Urasandesu.NAnonym.Cecil.ILTools.ReflectiveMethodDesigner2Test.<>c__DisplayClass5.<EmitTest01>b__1() 場所 C:\Documents and Settings\Administrator\NAnonym\Test.Urasandesu.NAnonym.Cecil\ILTools\ReflectiveMethodDesigner2Test.cs:行 61
場所 Urasandesu.NAnonym.Test.TestHelper.UsingNewDomain(NewDomainTestInfoProvider provider) 場所 C:\Documents and Settings\Administrator\NAnonym\Urasandesu.NAnonym.Test\TestHelper.cs:行 84
場所 Test.Urasandesu.NAnonym.Cecil.ILTools.ReflectiveMethodDesigner2Test.<EmitTest01>b__0(String tempFileName) 場所 C:\Documents and Settings\Administrator\NAnonym\Test.Urasandesu.NAnonym.Cecil\ILTools\ReflectiveMethodDesigner2Test.cs:行 55
場所 Urasandesu.NAnonym.Test.TestHelper.UsingTempFile(Action`1 action) 場所 C:\Documents and Settings\Administrator\NAnonym\Urasandesu.NAnonym.Test\TestHelper.cs:行 52
場所 Test.Urasandesu.NAnonym.Cecil.ILTools.ReflectiveMethodDesigner2Test.EmitTest01() 場所 C:\Documents and Settings\Administrator\NAnonym\Test.Urasandesu.NAnonym.Cecil\ILTools\ReflectiveMethodDesigner2Test.cs:行 54
]]></stack-trace>
                                    </failure>
                                  </test-case>
                                  <test-case name="Test.Urasandesu.NAnonym.Cecil.ILTools.ReflectiveMethodDesigner2Test.EmitTest02" executed="True" success="False" time="0.000" asserts="0">
                                    <failure>
                                      <message><![CDATA[System.NullReferenceException : オブジェクト参照がオブジェクト インスタンスに設定されていません。]]></message>
                                      <stack-trace><![CDATA[場所 Urasandesu.NAnonym.Formulas.ConvertDecreaser.Visit(NewFormula formula) 場所 C:\Documents and Settings\Administrator\NAnonym\Urasandesu.NAnonym\Formulas\ConvertDecreaser.cs:行 80
場所 Urasandesu.NAnonym.Formulas.FormulaAdapter.Visit(NewFormula formula) 場所 C:\Documents and Settings\Administrator\NAnonym\Urasandesu.NAnonym\Formulas.CodeGeneration\FormulaAdapter.g.cs:行 558
場所 Urasandesu.NAnonym.Formulas.ConvertIncreaser.Visit(NewFormula formula) 場所 C:\Documents and Settings\Administrator\NAnonym\Urasandesu.NAnonym\Formulas\ConvertIncreaser.cs:行 79
場所 Urasandesu.NAnonym.Formulas.FormulaAdapter.Visit(BaseNewFormula formula) 場所 C:\Documents and Settings\Administrator\NAnonym\Urasandesu.NAnonym\Formulas.CodeGeneration\FormulaAdapter.g.cs:行 573
場所 Urasandesu.NAnonym.Formulas.BaseNewFormula.Accept(IFormulaVisitor visitor) 場所 C:\Documents and Settings\Administrator\NAnonym\Urasandesu.NAnonym\Formulas.CodeGeneration\BaseNewFormula.g.cs:行 54
場所 Urasandesu.NAnonym.Formulas.FormulaCollection`1.<>c__DisplayClass1.<Accept>b__0(TFormula _) 場所 C:\Documents and Settings\Administrator\NAnonym\Urasandesu.NAnonym\Formulas\FormulaCollection.cs:行 159
場所 Urasandesu.NAnonym.Linq.Iterable.ForEach[TSource](IEnumerable`1 source, Action`1 action) 場所 C:\Documents and Settings\Administrator\NAnonym\Urasandesu.NAnonym\Linq\Iterable.cs:行 48
場所 Urasandesu.NAnonym.Formulas.FormulaCollection`1.Accept(IFormulaVisitor visitor) 場所 C:\Documents and Settings\Administrator\NAnonym\Urasandesu.NAnonym\Formulas\FormulaCollection.cs:行 159
場所 Urasandesu.NAnonym.Formulas.FormulaAdapter.VisitBlockFormulasCore(BlockFormula formula, FormulaCollection`1 formulas) 場所 C:\Documents and Settings\Administrator\NAnonym\Urasandesu.NAnonym\Formulas.CodeGeneration\FormulaAdapter.g.cs:行 351
場所 Urasandesu.NAnonym.Formulas.FormulaAdapter.VisitBlockFormulas(BlockFormula formula, FormulaCollection`1 formulas) 場所 C:\Documents and Settings\Administrator\NAnonym\Urasandesu.NAnonym\Formulas.CodeGeneration\FormulaAdapter.g.cs:行 346
場所 Urasandesu.NAnonym.Formulas.FormulaAdapter.Visit(BlockFormula formula) 場所 C:\Documents and Settings\Administrator\NAnonym\Urasandesu.NAnonym\Formulas.CodeGeneration\FormulaAdapter.g.cs:行 339
場所 Urasandesu.NAnonym.Formulas.BlockFormula.Accept(IFormulaVisitor visitor) 場所 C:\Documents and Settings\Administrator\NAnonym\Urasandesu.NAnonym\Formulas.CodeGeneration\BlockFormula.g.cs:行 98
場所 Urasandesu.NAnonym.Formulas.FormulaAdapter.VisitEndEntryBlockCore(EndFormula formula, BlockFormula entryBlock) 場所 C:\Documents and Settings\Administrator\NAnonym\Urasandesu.NAnonym\Formulas.CodeGeneration\FormulaAdapter.g.cs:行 685
場所 Urasandesu.NAnonym.Formulas.FormulaAdapter.VisitEndEntryBlock(EndFormula formula, BlockFormula entryBlock) 場所 C:\Documents and Settings\Administrator\NAnonym\Urasandesu.NAnonym\Formulas.CodeGeneration\FormulaAdapter.g.cs:行 680
場所 Urasandesu.NAnonym.Formulas.FormulaAdapter.Visit(EndFormula formula) 場所 C:\Documents and Settings\Administrator\NAnonym\Urasandesu.NAnonym\Formulas.CodeGeneration\FormulaAdapter.g.cs:行 673
場所 Urasandesu.NAnonym.Formulas.EndFormula.Accept(IFormulaVisitor visitor) 場所 C:\Documents and Settings\Administrator\NAnonym\Urasandesu.NAnonym\Formulas.CodeGeneration\EndFormula.g.cs:行 76
場所 Urasandesu.NAnonym.ILTools.ReflectiveMethodDesigner2.OptimizeIntermediateFormula(EndFormula entryPoint) 場所 C:\Documents and Settings\Administrator\NAnonym\Urasandesu.NAnonym\ILTools\ReflectiveMethodDesigner2.cs:行 122
場所 Urasandesu.NAnonym.ILTools.ReflectiveMethodDesigner2.PostEval(EndFormula entryPoint) 場所 C:\Documents and Settings\Administrator\NAnonym\Urasandesu.NAnonym\ILTools\ReflectiveMethodDesigner2.cs:行 103
場所 Urasandesu.NAnonym.ILTools.ReflectiveMethodDesigner2.Eval(Expression`1 exp) 場所 C:\Documents and Settings\Administrator\NAnonym\Urasandesu.NAnonym\ILTools\ReflectiveMethodDesigner2.cs:行 70
場所 Urasandesu.NAnonym.Cecil.ILTools.Impl.Mono.Cecil.MCMethodBaseGeneratorImpl.ExpressBody2(Action`1 bodyExpression, ITypeDeclaration returnType)
場所 Urasandesu.NAnonym.Cecil.ILTools.Impl.Mono.Cecil.MCMethodBaseGeneratorImpl.ExpressBody2(Action`1 bodyExpression)
場所 Urasandesu.NAnonym.Cecil.ILTools.Impl.Mono.Cecil.MCConstructorGeneratorImpl.ExpressBody2(Action`1 bodyExpression)
場所 Urasandesu.NAnonym.Cecil.ILTools.Impl.Mono.Cecil.MCTypeGeneratorImpl.AddDefaultConstructor()
場所 Test.Urasandesu.NAnonym.Cecil.ILTools.ReflectiveMethodDesigner2Test.<>c__DisplayClass10.<EmitTest02>b__c() 場所 C:\Documents and Settings\Administrator\NAnonym\Test.Urasandesu.NAnonym.Cecil\ILTools\ReflectiveMethodDesigner2Test.cs:行 140
場所 Urasandesu.NAnonym.Test.TestHelper.UsingNewDomain(NewDomainTestInfoProvider provider) 場所 C:\Documents and Settings\Administrator\NAnonym\Urasandesu.NAnonym.Test\TestHelper.cs:行 84
場所 Test.Urasandesu.NAnonym.Cecil.ILTools.ReflectiveMethodDesigner2Test.<EmitTest02>b__b(String tempFileName) 場所 C:\Documents and Settings\Administrator\NAnonym\Test.Urasandesu.NAnonym.Cecil\ILTools\ReflectiveMethodDesigner2Test.cs:行 134
場所 Urasandesu.NAnonym.Test.TestHelper.UsingTempFile(Action`1 action) 場所 C:\Documents and Settings\Administrator\NAnonym\Urasandesu.NAnonym.Test\TestHelper.cs:行 52
場所 Test.Urasandesu.NAnonym.Cecil.ILTools.ReflectiveMethodDesigner2Test.EmitTest02() 場所 C:\Documents and Settings\Administrator\NAnonym\Test.Urasandesu.NAnonym.Cecil\ILTools\ReflectiveMethodDesigner2Test.cs:行 133
]]></stack-trace>
                                    </failure>
                                  </test-case>
                                  <test-case name="Test.Urasandesu.NAnonym.Cecil.ILTools.ReflectiveMethodDesigner2Test.EmitTest03" executed="True" success="False" time="0.000" asserts="0">
                                    <failure>
                                      <message><![CDATA[System.NullReferenceException : オブジェクト参照がオブジェクト インスタンスに設定されていません。]]></message>
                                      <stack-trace><![CDATA[場所 Urasandesu.NAnonym.Formulas.ConvertDecreaser.Visit(NewFormula formula) 場所 C:\Documents and Settings\Administrator\NAnonym\Urasandesu.NAnonym\Formulas\ConvertDecreaser.cs:行 80
場所 Urasandesu.NAnonym.Formulas.FormulaAdapter.Visit(NewFormula formula) 場所 C:\Documents and Settings\Administrator\NAnonym\Urasandesu.NAnonym\Formulas.CodeGeneration\FormulaAdapter.g.cs:行 558
場所 Urasandesu.NAnonym.Formulas.ConvertIncreaser.Visit(NewFormula formula) 場所 C:\Documents and Settings\Administrator\NAnonym\Urasandesu.NAnonym\Formulas\ConvertIncreaser.cs:行 79
場所 Urasandesu.NAnonym.Formulas.FormulaAdapter.Visit(BaseNewFormula formula) 場所 C:\Documents and Settings\Administrator\NAnonym\Urasandesu.NAnonym\Formulas.CodeGeneration\FormulaAdapter.g.cs:行 573
場所 Urasandesu.NAnonym.Formulas.BaseNewFormula.Accept(IFormulaVisitor visitor) 場所 C:\Documents and Settings\Administrator\NAnonym\Urasandesu.NAnonym\Formulas.CodeGeneration\BaseNewFormula.g.cs:行 54
場所 Urasandesu.NAnonym.Formulas.FormulaCollection`1.<>c__DisplayClass1.<Accept>b__0(TFormula _) 場所 C:\Documents and Settings\Administrator\NAnonym\Urasandesu.NAnonym\Formulas\FormulaCollection.cs:行 159
場所 Urasandesu.NAnonym.Linq.Iterable.ForEach[TSource](IEnumerable`1 source, Action`1 action) 場所 C:\Documents and Settings\Administrator\NAnonym\Urasandesu.NAnonym\Linq\Iterable.cs:行 48
場所 Urasandesu.NAnonym.Formulas.FormulaCollection`1.Accept(IFormulaVisitor visitor) 場所 C:\Documents and Settings\Administrator\NAnonym\Urasandesu.NAnonym\Formulas\FormulaCollection.cs:行 159
場所 Urasandesu.NAnonym.Formulas.FormulaAdapter.VisitBlockFormulasCore(BlockFormula formula, FormulaCollection`1 formulas) 場所 C:\Documents and Settings\Administrator\NAnonym\Urasandesu.NAnonym\Formulas.CodeGeneration\FormulaAdapter.g.cs:行 351
場所 Urasandesu.NAnonym.Formulas.FormulaAdapter.VisitBlockFormulas(BlockFormula formula, FormulaCollection`1 formulas) 場所 C:\Documents and Settings\Administrator\NAnonym\Urasandesu.NAnonym\Formulas.CodeGeneration\FormulaAdapter.g.cs:行 346
場所 Urasandesu.NAnonym.Formulas.FormulaAdapter.Visit(BlockFormula formula) 場所 C:\Documents and Settings\Administrator\NAnonym\Urasandesu.NAnonym\Formulas.CodeGeneration\FormulaAdapter.g.cs:行 339
場所 Urasandesu.NAnonym.Formulas.BlockFormula.Accept(IFormulaVisitor visitor) 場所 C:\Documents and Settings\Administrator\NAnonym\Urasandesu.NAnonym\Formulas.CodeGeneration\BlockFormula.g.cs:行 98
場所 Urasandesu.NAnonym.Formulas.FormulaAdapter.VisitEndEntryBlockCore(EndFormula formula, BlockFormula entryBlock) 場所 C:\Documents and Settings\Administrator\NAnonym\Urasandesu.NAnonym\Formulas.CodeGeneration\FormulaAdapter.g.cs:行 685
場所 Urasandesu.NAnonym.Formulas.FormulaAdapter.VisitEndEntryBlock(EndFormula formula, BlockFormula entryBlock) 場所 C:\Documents and Settings\Administrator\NAnonym\Urasandesu.NAnonym\Formulas.CodeGeneration\FormulaAdapter.g.cs:行 680
場所 Urasandesu.NAnonym.Formulas.FormulaAdapter.Visit(EndFormula formula) 場所 C:\Documents and Settings\Administrator\NAnonym\Urasandesu.NAnonym\Formulas.CodeGeneration\FormulaAdapter.g.cs:行 673
場所 Urasandesu.NAnonym.Formulas.EndFormula.Accept(IFormulaVisitor visitor) 場所 C:\Documents and Settings\Administrator\NAnonym\Urasandesu.NAnonym\Formulas.CodeGeneration\EndFormula.g.cs:行 76
場所 Urasandesu.NAnonym.ILTools.ReflectiveMethodDesigner2.OptimizeIntermediateFormula(EndFormula entryPoint) 場所 C:\Documents and Settings\Administrator\NAnonym\Urasandesu.NAnonym\ILTools\ReflectiveMethodDesigner2.cs:行 122
場所 Urasandesu.NAnonym.ILTools.ReflectiveMethodDesigner2.PostEval(EndFormula entryPoint) 場所 C:\Documents and Settings\Administrator\NAnonym\Urasandesu.NAnonym\ILTools\ReflectiveMethodDesigner2.cs:行 103
場所 Urasandesu.NAnonym.ILTools.ReflectiveMethodDesigner2.Eval(Expression`1 exp) 場所 C:\Documents and Settings\Administrator\NAnonym\Urasandesu.NAnonym\ILTools\ReflectiveMethodDesigner2.cs:行 70
場所 Urasandesu.NAnonym.Cecil.ILTools.Impl.Mono.Cecil.MCMethodBaseGeneratorImpl.ExpressBody2(Action`1 bodyExpression, ITypeDeclaration returnType)
場所 Urasandesu.NAnonym.Cecil.ILTools.Impl.Mono.Cecil.MCMethodBaseGeneratorImpl.ExpressBody2(Action`1 bodyExpression)
場所 Urasandesu.NAnonym.Cecil.ILTools.Impl.Mono.Cecil.MCConstructorGeneratorImpl.ExpressBody2(Action`1 bodyExpression)
場所 Urasandesu.NAnonym.Cecil.ILTools.Impl.Mono.Cecil.MCTypeGeneratorImpl.AddDefaultConstructor()
場所 Test.Urasandesu.NAnonym.Cecil.ILTools.ReflectiveMethodDesigner2Test.<>c__DisplayClass1c.<EmitTest03>b__17() 場所 C:\Documents and Settings\Administrator\NAnonym\Test.Urasandesu.NAnonym.Cecil\ILTools\ReflectiveMethodDesigner2Test.cs:行 213
場所 Urasandesu.NAnonym.Test.TestHelper.UsingNewDomain(NewDomainTestInfoProvider provider) 場所 C:\Documents and Settings\Administrator\NAnonym\Urasandesu.NAnonym.Test\TestHelper.cs:行 84
場所 Test.Urasandesu.NAnonym.Cecil.ILTools.ReflectiveMethodDesigner2Test.<EmitTest03>b__16(String tempFileName) 場所 C:\Documents and Settings\Administrator\NAnonym\Test.Urasandesu.NAnonym.Cecil\ILTools\ReflectiveMethodDesigner2Test.cs:行 207
場所 Urasandesu.NAnonym.Test.TestHelper.UsingTempFile(Action`1 action) 場所 C:\Documents and Settings\Administrator\NAnonym\Urasandesu.NAnonym.Test\TestHelper.cs:行 52
場所 Test.Urasandesu.NAnonym.Cecil.ILTools.ReflectiveMethodDesigner2Test.EmitTest03() 場所 C:\Documents and Settings\Administrator\NAnonym\Test.Urasandesu.NAnonym.Cecil\ILTools\ReflectiveMethodDesigner2Test.cs:行 206
]]></stack-trace>
                                    </failure>
                                  </test-case>
                                </results>
                              </test-suite>
                            </results>
                          </test-suite>
                          <test-suite name="MixinTest" executed="True" success="True" time="0.281" asserts="0">
                            <results>
                              <test-case name="Test.Urasandesu.NAnonym.Cecil.MixinTest.EquivalentTest1" executed="True" success="True" time="0.078" asserts="1" />
                              <test-case name="Test.Urasandesu.NAnonym.Cecil.MixinTest.GetConstructorTest" executed="True" success="True" time="0.031" asserts="1" />
                              <test-case name="Test.Urasandesu.NAnonym.Cecil.MixinTest.GetFieldTest" executed="True" success="True" time="0.016" asserts="1" />
                              <test-case name="Test.Urasandesu.NAnonym.Cecil.MixinTest.GetMethodTest" executed="True" success="True" time="0.031" asserts="1" />
                              <test-case name="Test.Urasandesu.NAnonym.Cecil.MixinTest.GetMethodTest2" executed="True" success="True" time="0.047" asserts="1" />
                              <test-case name="Test.Urasandesu.NAnonym.Cecil.MixinTest.ToTypeDefTest01" executed="True" success="True" time="0.016" asserts="1" />
                              <test-case name="Test.Urasandesu.NAnonym.Cecil.MixinTest.ToTypeDefTest02" executed="True" success="True" time="0.063" asserts="1" />
                            </results>
                          </test-suite>
                        </results>
                      </test-suite>
                    </results>
                  </test-suite>
                </results>
              </test-suite>
            </results>
          </test-suite>
        </results>
      </test-suite>
      <test-suite name="C:\Documents and Settings\Administrator\NAnonym\Bin\Debug\Test.Urasandesu.NAnonym.dll" executed="True" success="False" time="0.875" asserts="0">
        <results>
          <test-suite name="Test" executed="True" success="False" time="0.844" asserts="0">
            <results>
              <test-suite name="Urasandesu" executed="True" success="False" time="0.828" asserts="0">
                <results>
                  <test-suite name="NAnonym" executed="True" success="False" time="0.828" asserts="0">
                    <results>
                      <test-suite name="AnonymouslyableTest" executed="True" success="True" time="0.094" asserts="0">
                        <results>
                          <test-case name="Test.Urasandesu.NAnonym.AnonymouslyableTest.CreateActionTest01" executed="True" success="True" time="0.000" asserts="2" />
                          <test-case name="Test.Urasandesu.NAnonym.AnonymouslyableTest.CreateActionTest02" executed="True" success="True" time="0.000" asserts="4" />
                          <test-case name="Test.Urasandesu.NAnonym.AnonymouslyableTest.CreateFuncTest01" executed="True" success="True" time="0.000" asserts="2" />
                          <test-case name="Test.Urasandesu.NAnonym.AnonymouslyableTest.CreateFuncTest02" executed="True" success="True" time="0.000" asserts="2" />
                          <test-case name="Test.Urasandesu.NAnonym.AnonymouslyableTest.CreateFuncTest03" executed="True" success="True" time="0.000" asserts="2" />
                          <test-case name="Test.Urasandesu.NAnonym.AnonymouslyableTest.IfNotNullTest01" executed="True" success="True" time="0.000" asserts="1" />
                          <test-case name="Test.Urasandesu.NAnonym.AnonymouslyableTest.IfNotNullTest02" executed="True" success="True" time="0.000" asserts="1" />
                          <test-case name="Test.Urasandesu.NAnonym.AnonymouslyableTest.IfNotNullTest03" executed="True" success="True" time="0.000" asserts="1" />
                          <test-case name="Test.Urasandesu.NAnonym.AnonymouslyableTest.RecursionTest01" executed="True" success="True" time="0.016" asserts="1" />
                          <test-case name="Test.Urasandesu.NAnonym.AnonymouslyableTest.RecursionTest02" executed="True" success="True" time="0.047" asserts="1" />
                          <test-case name="Test.Urasandesu.NAnonym.AnonymouslyableTest.RecursionTest03" executed="True" success="True" time="0.000" asserts="1" />
                          <test-case name="Test.Urasandesu.NAnonym.AnonymouslyableTest.RecursionTest04" executed="True" success="True" time="0.000" asserts="1" />
                        </results>
                      </test-suite>
                      <test-suite name="DW" executed="True" success="False" time="0.188" asserts="0">
                        <results>
                          <test-suite name="DependencyUtilTest" executed="True" success="True" time="0.016" asserts="0">
                            <results>
                              <test-case name="Test.Urasandesu.NAnonym.DW.DependencyUtilTest.Hoge" executed="True" success="True" time="0.016" asserts="0" />
                            </results>
                          </test-suite>
                          <test-suite name="LocalClassTest" executed="True" success="False" time="0.172" asserts="0">
                            <results>
                              <test-case name="Test.Urasandesu.NAnonym.DW.LocalClassTest.Test1" executed="True" success="False" time="0.016" asserts="0">
                                <failure>
                                  <message><![CDATA[System.NotImplementedException : メソッドまたは操作は実装されていません。]]></message>
                                  <stack-trace><![CDATA[場所 Urasandesu.NAnonym.ILTools.Impl.System.Reflection.SRMethodGeneratorImpl.Urasandesu.NAnonym.ILTools.Impl.System.Reflection.ISRMethodBaseGenerator.GetILGenerator() 場所 C:\Documents and Settings\Administrator\NAnonym\Urasandesu.NAnonym\ILTools\Impl\System\Reflection\SRMethodGeneratorImpl.cs:行 133
場所 Urasandesu.NAnonym.ILTools.Impl.System.Reflection.SRMethodBodyGeneratorImpl..ctor(ISRMethodBaseGenerator methodBodyGen) 場所 C:\Documents and Settings\Administrator\NAnonym\Urasandesu.NAnonym\ILTools\Impl\System\Reflection\SRMethodBodyGeneratorImpl.cs:行 49
場所 Urasandesu.NAnonym.ILTools.Impl.System.Reflection.SRMethodBaseGeneratorImpl..ctor(ITypeGenerator declaringTypeGen, ISRMethodBaseGenerator methodBaseGen, MethodBase methodBase, ParameterBuilder[] parameterBuilders) 場所 C:\Documents and Settings\Administrator\NAnonym\Urasandesu.NAnonym\ILTools\Impl\System\Reflection\SRMethodBaseGeneratorImpl.cs:行 79
場所 Urasandesu.NAnonym.ILTools.Impl.System.Reflection.SRMethodBaseGeneratorImpl..ctor(ITypeGenerator declaringTypeGen, ISRMethodBaseGenerator methodBaseGen, MethodBase methodBase) 場所 C:\Documents and Settings\Administrator\NAnonym\Urasandesu.NAnonym\ILTools\Impl\System\Reflection\SRMethodBaseGeneratorImpl.cs:行 64
場所 Urasandesu.NAnonym.ILTools.Impl.System.Reflection.SRMethodGeneratorImpl..ctor(ITypeGenerator declaringTypeGen, MethodBuilder methodBuilder) 場所 C:\Documents and Settings\Administrator\NAnonym\Urasandesu.NAnonym\ILTools\Impl\System\Reflection\SRMethodGeneratorImpl.cs:行 70
場所 Urasandesu.NAnonym.ILTools.Impl.System.Reflection.SRTypeGeneratorImpl.AddMethod(String name, MethodAttributes attributes, CallingConventions callingConvention, Type returnType, Type[] parameterTypes) 場所 C:\Documents and Settings\Administrator\NAnonym\Urasandesu.NAnonym\ILTools\Impl\System\Reflection\SRTypeGeneratorImpl.cs:行 112
場所 Urasandesu.NAnonym.DW.LocalImplementMethodDefiner.GetMethodInterface() 場所 C:\Documents and Settings\Administrator\NAnonym\Urasandesu.NAnonym\DW\LocalImplementMethodDefiner.cs:行 56
場所 Urasandesu.NAnonym.DW.LocalMethodDefiner.Create() 場所 C:\Documents and Settings\Administrator\NAnonym\Urasandesu.NAnonym\DW\LocalMethodDefiner.cs:行 57
場所 Urasandesu.NAnonym.DW.MethodWeaver.Apply() 場所 C:\Documents and Settings\Administrator\NAnonym\Urasandesu.NAnonym\DW\MethodWeaver.cs:行 58
場所 Urasandesu.NAnonym.DW.LocalClass`1.OnLoadLocal(LocalClassLoadParameter parameter) 場所 C:\Documents and Settings\Administrator\NAnonym\Urasandesu.NAnonym\DW\LocalClass.cs:行 252
場所 Urasandesu.NAnonym.DW.LocalClass.OnLoad(DependencyClassLoadParameter parameter) 場所 C:\Documents and Settings\Administrator\NAnonym\Urasandesu.NAnonym\DW\LocalClass.cs:行 58
場所 Urasandesu.NAnonym.DW.DependencyClass.Load(DependencyClassLoadParameter parameter) 場所 C:\Documents and Settings\Administrator\NAnonym\Urasandesu.NAnonym\DW\DependencyClass.cs:行 70
場所 Urasandesu.NAnonym.DW.LocalCache.Load() 場所 C:\Documents and Settings\Administrator\NAnonym\Urasandesu.NAnonym\DW\LocalCache.cs:行 66
場所 Urasandesu.NAnonym.DW.LocalDomain.Load() 場所 C:\Documents and Settings\Administrator\NAnonym\Urasandesu.NAnonym\DW\LocalDomain.cs:行 49
場所 Test.Urasandesu.NAnonym.DW.LocalClassTest.Test1() 場所 C:\Documents and Settings\Administrator\NAnonym\Test.Urasandesu.NAnonym\DW\LocalClassTest.cs:行 86
]]></stack-trace>
                                </failure>
                              </test-case>
                              <test-case name="Test.Urasandesu.NAnonym.DW.LocalClassTest.Test2" executed="True" success="False" time="0.000" asserts="0">
                                <failure>
                                  <message><![CDATA[System.NotImplementedException : メソッドまたは操作は実装されていません。]]></message>
                                  <stack-trace><![CDATA[場所 Urasandesu.NAnonym.ILTools.Impl.System.Reflection.SRMethodGeneratorImpl.Urasandesu.NAnonym.ILTools.Impl.System.Reflection.ISRMethodBaseGenerator.GetILGenerator() 場所 C:\Documents and Settings\Administrator\NAnonym\Urasandesu.NAnonym\ILTools\Impl\System\Reflection\SRMethodGeneratorImpl.cs:行 133
場所 Urasandesu.NAnonym.ILTools.Impl.System.Reflection.SRMethodBodyGeneratorImpl..ctor(ISRMethodBaseGenerator methodBodyGen) 場所 C:\Documents and Settings\Administrator\NAnonym\Urasandesu.NAnonym\ILTools\Impl\System\Reflection\SRMethodBodyGeneratorImpl.cs:行 49
場所 Urasandesu.NAnonym.ILTools.Impl.System.Reflection.SRMethodBaseGeneratorImpl..ctor(ITypeGenerator declaringTypeGen, ISRMethodBaseGenerator methodBaseGen, MethodBase methodBase, ParameterBuilder[] parameterBuilders) 場所 C:\Documents and Settings\Administrator\NAnonym\Urasandesu.NAnonym\ILTools\Impl\System\Reflection\SRMethodBaseGeneratorImpl.cs:行 79
場所 Urasandesu.NAnonym.ILTools.Impl.System.Reflection.SRMethodBaseGeneratorImpl..ctor(ITypeGenerator declaringTypeGen, ISRMethodBaseGenerator methodBaseGen, MethodBase methodBase) 場所 C:\Documents and Settings\Administrator\NAnonym\Urasandesu.NAnonym\ILTools\Impl\System\Reflection\SRMethodBaseGeneratorImpl.cs:行 64
場所 Urasandesu.NAnonym.ILTools.Impl.System.Reflection.SRMethodGeneratorImpl..ctor(ITypeGenerator declaringTypeGen, MethodBuilder methodBuilder) 場所 C:\Documents and Settings\Administrator\NAnonym\Urasandesu.NAnonym\ILTools\Impl\System\Reflection\SRMethodGeneratorImpl.cs:行 70
場所 Urasandesu.NAnonym.ILTools.Impl.System.Reflection.SRTypeGeneratorImpl.AddMethod(String name, MethodAttributes attributes, CallingConventions callingConvention, Type returnType, Type[] parameterTypes) 場所 C:\Documents and Settings\Administrator\NAnonym\Urasandesu.NAnonym\ILTools\Impl\System\Reflection\SRTypeGeneratorImpl.cs:行 112
場所 Urasandesu.NAnonym.DW.LocalImplementMethodDefiner.GetMethodInterface() 場所 C:\Documents and Settings\Administrator\NAnonym\Urasandesu.NAnonym\DW\LocalImplementMethodDefiner.cs:行 56
場所 Urasandesu.NAnonym.DW.LocalMethodDefiner.Create() 場所 C:\Documents and Settings\Administrator\NAnonym\Urasandesu.NAnonym\DW\LocalMethodDefiner.cs:行 57
場所 Urasandesu.NAnonym.DW.MethodWeaver.Apply() 場所 C:\Documents and Settings\Administrator\NAnonym\Urasandesu.NAnonym\DW\MethodWeaver.cs:行 58
場所 Urasandesu.NAnonym.DW.LocalClass`1.OnLoadLocal(LocalClassLoadParameter parameter) 場所 C:\Documents and Settings\Administrator\NAnonym\Urasandesu.NAnonym\DW\LocalClass.cs:行 252
場所 Urasandesu.NAnonym.DW.LocalClass.OnLoad(DependencyClassLoadParameter parameter) 場所 C:\Documents and Settings\Administrator\NAnonym\Urasandesu.NAnonym\DW\LocalClass.cs:行 58
場所 Urasandesu.NAnonym.DW.DependencyClass.Load(DependencyClassLoadParameter parameter) 場所 C:\Documents and Settings\Administrator\NAnonym\Urasandesu.NAnonym\DW\DependencyClass.cs:行 70
場所 Urasandesu.NAnonym.DW.LocalCache.Load() 場所 C:\Documents and Settings\Administrator\NAnonym\Urasandesu.NAnonym\DW\LocalCache.cs:行 66
場所 Urasandesu.NAnonym.DW.LocalDomain.Load() 場所 C:\Documents and Settings\Administrator\NAnonym\Urasandesu.NAnonym\DW\LocalDomain.cs:行 49
場所 Test.Urasandesu.NAnonym.DW.LocalClassTest.Test2() 場所 C:\Documents and Settings\Administrator\NAnonym\Test.Urasandesu.NAnonym\DW\LocalClassTest.cs:行 112
]]></stack-trace>
                                </failure>
                              </test-case>
                              <test-case name="Test.Urasandesu.NAnonym.DW.LocalClassTest.Test3" executed="True" success="False" time="0.016" asserts="0">
                                <failure>
                                  <message><![CDATA[System.NotImplementedException : メソッドまたは操作は実装されていません。]]></message>
                                  <stack-trace><![CDATA[場所 Urasandesu.NAnonym.ILTools.Impl.System.Reflection.SRConstructorGeneratorImpl.ExpressBody2(Action`1 bodyExpression) 場所 C:\Documents and Settings\Administrator\NAnonym\Urasandesu.NAnonym\ILTools\Impl\System\Reflection\SRConstructorGeneratorImpl.cs:行 133
場所 Urasandesu.NAnonym.DW.LocalConstructorBuilder.Construct() 場所 C:\Documents and Settings\Administrator\NAnonym\Urasandesu.NAnonym\DW\LocalConstructorBuilder.cs:行 48
場所 Urasandesu.NAnonym.DW.ConstructorWeaver.Apply() 場所 C:\Documents and Settings\Administrator\NAnonym\Urasandesu.NAnonym\DW\ConstructorWeaver.cs:行 69
場所 Urasandesu.NAnonym.DW.LocalClass`1.OnLoadLocal(LocalClassLoadParameter parameter) 場所 C:\Documents and Settings\Administrator\NAnonym\Urasandesu.NAnonym\DW\LocalClass.cs:行 249
場所 Urasandesu.NAnonym.DW.LocalClass.OnLoad(DependencyClassLoadParameter parameter) 場所 C:\Documents and Settings\Administrator\NAnonym\Urasandesu.NAnonym\DW\LocalClass.cs:行 58
場所 Urasandesu.NAnonym.DW.DependencyClass.Load(DependencyClassLoadParameter parameter) 場所 C:\Documents and Settings\Administrator\NAnonym\Urasandesu.NAnonym\DW\DependencyClass.cs:行 70
場所 Urasandesu.NAnonym.DW.LocalCache.Load() 場所 C:\Documents and Settings\Administrator\NAnonym\Urasandesu.NAnonym\DW\LocalCache.cs:行 66
場所 Urasandesu.NAnonym.DW.LocalDomain.Load() 場所 C:\Documents and Settings\Administrator\NAnonym\Urasandesu.NAnonym\DW\LocalDomain.cs:行 49
場所 Test.Urasandesu.NAnonym.DW.LocalClassTest.Test3() 場所 C:\Documents and Settings\Administrator\NAnonym\Test.Urasandesu.NAnonym\DW\LocalClassTest.cs:行 138
]]></stack-trace>
                                </failure>
                              </test-case>
                              <test-case name="Test.Urasandesu.NAnonym.DW.LocalClassTest.Test4" executed="True" success="False" time="0.000" asserts="0">
                                <failure>
                                  <message><![CDATA[System.NotImplementedException : メソッドまたは操作は実装されていません。]]></message>
                                  <stack-trace><![CDATA[場所 Urasandesu.NAnonym.ILTools.Impl.System.Reflection.SRMethodGeneratorImpl.Urasandesu.NAnonym.ILTools.Impl.System.Reflection.ISRMethodBaseGenerator.GetILGenerator() 場所 C:\Documents and Settings\Administrator\NAnonym\Urasandesu.NAnonym\ILTools\Impl\System\Reflection\SRMethodGeneratorImpl.cs:行 133
場所 Urasandesu.NAnonym.ILTools.Impl.System.Reflection.SRMethodBodyGeneratorImpl..ctor(ISRMethodBaseGenerator methodBodyGen) 場所 C:\Documents and Settings\Administrator\NAnonym\Urasandesu.NAnonym\ILTools\Impl\System\Reflection\SRMethodBodyGeneratorImpl.cs:行 49
場所 Urasandesu.NAnonym.ILTools.Impl.System.Reflection.SRMethodBaseGeneratorImpl..ctor(ITypeGenerator declaringTypeGen, ISRMethodBaseGenerator methodBaseGen, MethodBase methodBase, ParameterBuilder[] parameterBuilders) 場所 C:\Documents and Settings\Administrator\NAnonym\Urasandesu.NAnonym\ILTools\Impl\System\Reflection\SRMethodBaseGeneratorImpl.cs:行 79
場所 Urasandesu.NAnonym.ILTools.Impl.System.Reflection.SRMethodBaseGeneratorImpl..ctor(ITypeGenerator declaringTypeGen, ISRMethodBaseGenerator methodBaseGen, MethodBase methodBase) 場所 C:\Documents and Settings\Administrator\NAnonym\Urasandesu.NAnonym\ILTools\Impl\System\Reflection\SRMethodBaseGeneratorImpl.cs:行 64
場所 Urasandesu.NAnonym.ILTools.Impl.System.Reflection.SRMethodGeneratorImpl..ctor(ITypeGenerator declaringTypeGen, MethodBuilder methodBuilder) 場所 C:\Documents and Settings\Administrator\NAnonym\Urasandesu.NAnonym\ILTools\Impl\System\Reflection\SRMethodGeneratorImpl.cs:行 70
場所 Urasandesu.NAnonym.ILTools.Impl.System.Reflection.SRTypeGeneratorImpl.AddMethod(String name, MethodAttributes attributes, CallingConventions callingConvention, Type returnType, Type[] parameterTypes) 場所 C:\Documents and Settings\Administrator\NAnonym\Urasandesu.NAnonym\ILTools\Impl\System\Reflection\SRTypeGeneratorImpl.cs:行 112
場所 Urasandesu.NAnonym.DW.LocalOverrideMethodDefiner.GetMethodInterface() 場所 C:\Documents and Settings\Administrator\NAnonym\Urasandesu.NAnonym\DW\LocalOverrideMethodDefiner.cs:行 56
場所 Urasandesu.NAnonym.DW.LocalMethodDefiner.Create() 場所 C:\Documents and Settings\Administrator\NAnonym\Urasandesu.NAnonym\DW\LocalMethodDefiner.cs:行 57
場所 Urasandesu.NAnonym.DW.MethodWeaver.Apply() 場所 C:\Documents and Settings\Administrator\NAnonym\Urasandesu.NAnonym\DW\MethodWeaver.cs:行 58
場所 Urasandesu.NAnonym.DW.LocalClass`1.OnLoadLocal(LocalClassLoadParameter parameter) 場所 C:\Documents and Settings\Administrator\NAnonym\Urasandesu.NAnonym\DW\LocalClass.cs:行 252
場所 Urasandesu.NAnonym.DW.LocalClass.OnLoad(DependencyClassLoadParameter parameter) 場所 C:\Documents and Settings\Administrator\NAnonym\Urasandesu.NAnonym\DW\LocalClass.cs:行 58
場所 Urasandesu.NAnonym.DW.DependencyClass.Load(DependencyClassLoadParameter parameter) 場所 C:\Documents and Settings\Administrator\NAnonym\Urasandesu.NAnonym\DW\DependencyClass.cs:行 70
場所 Urasandesu.NAnonym.DW.LocalCache.Load() 場所 C:\Documents and Settings\Administrator\NAnonym\Urasandesu.NAnonym\DW\LocalCache.cs:行 66
場所 Urasandesu.NAnonym.DW.LocalDomain.Load() 場所 C:\Documents and Settings\Administrator\NAnonym\Urasandesu.NAnonym\DW\LocalDomain.cs:行 49
場所 Test.Urasandesu.NAnonym.DW.LocalClassTest.Test4() 場所 C:\Documents and Settings\Administrator\NAnonym\Test.Urasandesu.NAnonym\DW\LocalClassTest.cs:行 164
]]></stack-trace>
                                </failure>
                              </test-case>
                            </results>
                          </test-suite>
                        </results>
                      </test-suite>
                      <test-suite name="ILTools" executed="True" success="True" time="0.141" asserts="0">
                        <results>
                          <test-suite name="ReflectiveMethodDesigner2Test" executed="True" success="True" time="0.141" asserts="0">
                            <results>
                              <test-case name="Test.Urasandesu.NAnonym.ILTools.ReflectiveMethodDesigner2Test.EvalTest01_ComplexStatements" executed="True" success="True" time="0.000" asserts="1" />
                              <test-case name="Test.Urasandesu.NAnonym.ILTools.ReflectiveMethodDesigner2Test.EvalTest02_ReflectiveDesign" executed="True" success="True" time="0.016" asserts="1" />
                              <test-case name="Test.Urasandesu.NAnonym.ILTools.ReflectiveMethodDesigner2Test.EvalTest03_Performance" executed="True" success="True" time="0.031" asserts="1" />
                              <test-case name="Test.Urasandesu.NAnonym.ILTools.ReflectiveMethodDesigner2Test.EvalTest04_ValidReturn1_SimpleStatements" executed="True" success="True" time="0.000" asserts="1" />
                              <test-case name="Test.Urasandesu.NAnonym.ILTools.ReflectiveMethodDesigner2Test.EvalTest04_ValidReturn2_ComplexStatements1" executed="True" success="True" time="0.000" asserts="1" />
                              <test-case name="Test.Urasandesu.NAnonym.ILTools.ReflectiveMethodDesigner2Test.EvalTest04_ValidReturn2_ComplexStatements2" executed="True" success="True" time="0.000" asserts="1" />
                              <test-case name="Test.Urasandesu.NAnonym.ILTools.ReflectiveMethodDesigner2Test.EvalTest05_InvalidReturn1_IncompatibleType_SimpleStatements1" executed="True" success="True" time="0.000" asserts="0" />
                              <test-case name="Test.Urasandesu.NAnonym.ILTools.ReflectiveMethodDesigner2Test.EvalTest05_InvalidReturn1_IncompatibleType_SimpleStatements2" executed="True" success="True" time="0.000" asserts="0" />
                              <test-case name="Test.Urasandesu.NAnonym.ILTools.ReflectiveMethodDesigner2Test.EvalTest05_InvalidReturn2_IncompatibleType_ComplexStatements1" executed="True" success="True" time="0.000" asserts="0" />
                              <test-case name="Test.Urasandesu.NAnonym.ILTools.ReflectiveMethodDesigner2Test.EvalTest05_InvalidReturn2_IncompatibleType_ComplexStatements2" executed="True" success="True" time="0.000" asserts="0" />
                              <test-case name="Test.Urasandesu.NAnonym.ILTools.ReflectiveMethodDesigner2Test.EvalTest06_WithArgument" executed="True" success="True" time="0.000" asserts="1" />
                              <test-case name="Test.Urasandesu.NAnonym.ILTools.ReflectiveMethodDesigner2Test.EvalTest07_InternalStatememts" executed="True" success="True" time="0.016" asserts="1" />
                            </results>
                          </test-suite>
                        </results>
                      </test-suite>
                      <test-suite name="Linq" executed="True" success="True" time="0.266" asserts="0">
                        <results>
                          <test-suite name="DelegateComparerTest" executed="True" success="True" time="0.000" asserts="0">
                            <results>
                              <test-case name="Test.Urasandesu.NAnonym.Linq.DelegateComparerTest.CompareTest01" executed="True" success="True" time="0.000" asserts="4" />
                              <test-case name="Test.Urasandesu.NAnonym.Linq.DelegateComparerTest.CompareTest02" executed="True" success="True" time="0.000" asserts="4" />
                            </results>
                          </test-suite>
                          <test-suite name="DelegateEqualityComparerTest" executed="True" success="True" time="0.000" asserts="0">
                            <results>
                              <test-case name="Test.Urasandesu.NAnonym.Linq.DelegateEqualityComparerTest.CompareTest01" executed="True" success="True" time="0.000" asserts="5" />
                              <test-case name="Test.Urasandesu.NAnonym.Linq.DelegateEqualityComparerTest.CompareTest02" executed="True" success="True" time="0.000" asserts="3" />
                              <test-case name="Test.Urasandesu.NAnonym.Linq.DelegateEqualityComparerTest.CompareTest03" executed="True" success="True" time="0.000" asserts="5" />
                            </results>
                          </test-suite>
                          <test-suite name="IterableTest" executed="True" success="True" time="0.219" asserts="0">
                            <results>
                              <test-case name="Test.Urasandesu.NAnonym.Linq.IterableTest.AddRangeToTest101" executed="True" success="True" time="0.000" asserts="1" />
                              <test-case name="Test.Urasandesu.NAnonym.Linq.IterableTest.AddRangeToTest102" executed="True" success="True" time="0.000" asserts="1" />
                              <test-case name="Test.Urasandesu.NAnonym.Linq.IterableTest.AddRangeToTest103" executed="True" success="True" time="0.000" asserts="1" />
                              <test-case name="Test.Urasandesu.NAnonym.Linq.IterableTest.AddRangeToTest201" executed="True" success="True" time="0.000" asserts="1" />
                              <test-case name="Test.Urasandesu.NAnonym.Linq.IterableTest.AddRangeToTest202" executed="True" success="True" time="0.000" asserts="1" />
                              <test-case name="Test.Urasandesu.NAnonym.Linq.IterableTest.AddRangeToTest203" executed="True" success="True" time="0.000" asserts="1" />
                              <test-case name="Test.Urasandesu.NAnonym.Linq.IterableTest.CrossLeftTest01" executed="True" success="True" time="0.000" asserts="3" />
                              <test-case name="Test.Urasandesu.NAnonym.Linq.IterableTest.CrossLeftTest02" executed="True" success="True" time="0.000" asserts="1" />
                              <test-case name="Test.Urasandesu.NAnonym.Linq.IterableTest.CrossLeftTest03" executed="True" success="True" time="0.000" asserts="5" />
                              <test-case name="Test.Urasandesu.NAnonym.Linq.IterableTest.CrossLeftTest04" executed="True" success="True" time="0.000" asserts="3" />
                              <test-case name="Test.Urasandesu.NAnonym.Linq.IterableTest.CrossLeftTest05" executed="True" success="True" time="0.000" asserts="1" />
                              <test-case name="Test.Urasandesu.NAnonym.Linq.IterableTest.CrossLeftTest06" executed="True" success="True" time="0.000" asserts="5" />
                              <test-case name="Test.Urasandesu.NAnonym.Linq.IterableTest.CrossRightTest01" executed="True" success="True" time="0.000" asserts="3" />
                              <test-case name="Test.Urasandesu.NAnonym.Linq.IterableTest.CrossRightTest02" executed="True" success="True" time="0.000" asserts="1" />
                              <test-case name="Test.Urasandesu.NAnonym.Linq.IterableTest.CrossRightTest03" executed="True" success="True" time="0.000" asserts="5" />
                              <test-case name="Test.Urasandesu.NAnonym.Linq.IterableTest.CrossRightTest04" executed="True" success="True" time="0.000" asserts="3" />
                              <test-case name="Test.Urasandesu.NAnonym.Linq.IterableTest.CrossRightTest05" executed="True" success="True" time="0.000" asserts="1" />
                              <test-case name="Test.Urasandesu.NAnonym.Linq.IterableTest.CrossRightTest06" executed="True" success="True" time="0.000" asserts="5" />
                              <test-case name="Test.Urasandesu.NAnonym.Linq.IterableTest.CrossTest01" executed="True" success="True" time="0.000" asserts="2" />
                              <test-case name="Test.Urasandesu.NAnonym.Linq.IterableTest.CrossTest02" executed="True" success="True" time="0.000" asserts="1" />
                              <test-case name="Test.Urasandesu.NAnonym.Linq.IterableTest.CrossTest03" executed="True" success="True" time="0.000" asserts="3" />
                              <test-case name="Test.Urasandesu.NAnonym.Linq.IterableTest.CrossTest04" executed="True" success="True" time="0.000" asserts="3" />
                              <test-case name="Test.Urasandesu.NAnonym.Linq.IterableTest.CrossTest05" executed="True" success="True" time="0.000" asserts="1" />
                              <test-case name="Test.Urasandesu.NAnonym.Linq.IterableTest.CrossTest06" executed="True" success="True" time="0.000" asserts="5" />
                              <test-case name="Test.Urasandesu.NAnonym.Linq.IterableTest.EqualsExTest101" executed="True" success="True" time="0.000" asserts="1" />
                              <test-case name="Test.Urasandesu.NAnonym.Linq.IterableTest.EqualsExTest201" executed="True" success="True" time="0.000" asserts="1" />
                              <test-case name="Test.Urasandesu.NAnonym.Linq.IterableTest.ForeachTest01" executed="True" success="True" time="0.000" asserts="3" />
                              <test-case name="Test.Urasandesu.NAnonym.Linq.IterableTest.Hoge" executed="True" success="True" time="0.172" asserts="4" />
                              <test-case name="Test.Urasandesu.NAnonym.Linq.IterableTest.IndexOfTest01" executed="True" success="True" time="0.000" asserts="1" />
                              <test-case name="Test.Urasandesu.NAnonym.Linq.IterableTest.IndexOfTest02" executed="True" success="True" time="0.000" asserts="1" />
                              <test-case name="Test.Urasandesu.NAnonym.Linq.IterableTest.NegateTest01" executed="True" success="True" time="0.000" asserts="3" />
                              <test-case name="Test.Urasandesu.NAnonym.Linq.IterableTest.NegateTest02" executed="True" success="True" time="0.000" asserts="4" />
                              <test-case name="Test.Urasandesu.NAnonym.Linq.IterableTest.NegateTest03" executed="True" success="True" time="0.000" asserts="2" />
                              <test-case name="Test.Urasandesu.NAnonym.Linq.IterableTest.NegateTest04" executed="True" success="True" time="0.000" asserts="5" />
                              <test-case name="Test.Urasandesu.NAnonym.Linq.IterableTest.NegateTest05" executed="True" success="True" time="0.000" asserts="7" />
                              <test-case name="Test.Urasandesu.NAnonym.Linq.IterableTest.NegateTest06" executed="True" success="True" time="0.000" asserts="3" />
                              <test-case name="Test.Urasandesu.NAnonym.Linq.IterableTest.ReplenishTest01" executed="True" success="True" time="0.000" asserts="4" />
                              <test-case name="Test.Urasandesu.NAnonym.Linq.IterableTest.ReplenishTest02" executed="True" success="True" time="0.000" asserts="5" />
                              <test-case name="Test.Urasandesu.NAnonym.Linq.IterableTest.ReplenishTest03" executed="True" success="True" time="0.000" asserts="4" />
                              <test-case name="Test.Urasandesu.NAnonym.Linq.IterableTest.ReplenishTest04" executed="True" success="True" time="0.000" asserts="7" />
                              <test-case name="Test.Urasandesu.NAnonym.Linq.IterableTest.ReplenishTest05" executed="True" success="True" time="0.000" asserts="9" />
                              <test-case name="Test.Urasandesu.NAnonym.Linq.IterableTest.ReplenishTest06" executed="True" success="True" time="0.000" asserts="7" />
                            </results>
                          </test-suite>
                        </results>
                      </test-suite>
                      <test-suite name="MixinTest" executed="True" success="True" time="0.000" asserts="0">
                        <results>
                          <test-case name="Test.Urasandesu.NAnonym.MixinTest.GetMethodTest1" executed="True" success="True" time="0.000" asserts="1" />
                        </results>
                      </test-suite>
                      <test-suite name="NewDomainTester" executed="True" success="True" time="0.047" asserts="0">
                        <results>
                          <test-case name="Test.Urasandesu.NAnonym.NewDomainTester.Test1" executed="True" success="True" time="0.000" asserts="0" />
                        </results>
                      </test-suite>
                      <test-suite name="RequiredTest" executed="True" success="True" time="0.047" asserts="0">
                        <results>
                          <test-case name="Test.Urasandesu.NAnonym.RequiredTest.AllTest" executed="True" success="True" time="0.016" asserts="7" />
                        </results>
                      </test-suite>
                      <test-suite name="StringUtilityTest" executed="True" success="True" time="0.000" asserts="0">
                        <results>
                          <test-case name="Test.Urasandesu.NAnonym.StringUtilityTest.CsvEncodeTest01" executed="True" success="True" time="0.000" asserts="5" />
                          <test-case name="Test.Urasandesu.NAnonym.StringUtilityTest.CsvEncodeTest02" executed="True" success="True" time="0.000" asserts="5" />
                          <test-case name="Test.Urasandesu.NAnonym.StringUtilityTest.ToDateTimeFuzzyTest01" executed="True" success="True" time="0.000" asserts="20" />
                          <test-case name="Test.Urasandesu.NAnonym.StringUtilityTest.WithoutExtensionTest01" executed="True" success="True" time="0.000" asserts="2" />
                        </results>
                      </test-suite>
                    </results>
                  </test-suite>
                </results>
              </test-suite>
            </results>
          </test-suite>
        </results>
      </test-suite>
    </results>
  </test-suite>
</test-results>